<?xml version="1.0" encoding="UTF-8"?>
<!-- Generated by org.testng.reporters.JUnitXMLReporter -->
<testsuite hostname="IMPC3478" name="ImageSubmissionPortal_Firefox" tests="2" failures="2" timestamp="7 Oct 2016 17:20:49 GMT" time="0.355" errors="0">
  <testcase name="imageSubmissionPortal" time="0.34" classname="com.esri.test.auto.testcases.ImageSubPortalPage_TC01">
    <failure type="org.testng.internal.reflect.MethodMatcherException" message="
Data provider mismatch
Method: imageSubmissionPortal([Parameter{index=0, type=java.lang.String, declaredAnnotations=[]}, Parameter{index=1, type=java.lang.String, declaredAnnotations=[]}, Parameter{index=2, type=java.lang.String, declaredAnnotations=[]}, Parameter{index=3, type=java.lang.String, declaredAnnotations=[]}, Parameter{index=4, type=java.lang.String, declaredAnnotations=[]}, Parameter{index=5, type=java.lang.String, declaredAnnotations=[]}, Parameter{index=6, type=java.lang.String, declaredAnnotations=[]}, Parameter{index=7, type=java.lang.String, declaredAnnotations=[]}, Parameter{index=8, type=java.lang.String, declaredAnnotations=[]}])
Arguments: [(java.lang.String)CALL FOR IMAGES,(java.lang.String)Upload Your Images,(java.lang.String)For which conference are you submitting images?,(java.lang.String)Non-specific Events (Dec 31 2016),(java.lang.String)What type of files are you submitting?,(java.lang.String)Are you a Federal Government Employee?]">
      <![CDATA[org.testng.internal.reflect.MethodMatcherException: 
Data provider mismatch
Method: imageSubmissionPortal([Parameter{index=0, type=java.lang.String, declaredAnnotations=[]}, Parameter{index=1, type=java.lang.String, declaredAnnotations=[]}, Parameter{index=2, type=java.lang.String, declaredAnnotations=[]}, Parameter{index=3, type=java.lang.String, declaredAnnotations=[]}, Parameter{index=4, type=java.lang.String, declaredAnnotations=[]}, Parameter{index=5, type=java.lang.String, declaredAnnotations=[]}, Parameter{index=6, type=java.lang.String, declaredAnnotations=[]}, Parameter{index=7, type=java.lang.String, declaredAnnotations=[]}, Parameter{index=8, type=java.lang.String, declaredAnnotations=[]}])
Arguments: [(java.lang.String)CALL FOR IMAGES,(java.lang.String)Upload Your Images,(java.lang.String)For which conference are you submitting images?,(java.lang.String)Non-specific Events (Dec 31 2016),(java.lang.String)What type of files are you submitting?,(java.lang.String)Are you a Federal Government Employee?]
	at java.util.concurrent.ThreadPoolExecutor.runWorker(Unknown Source)
	at java.util.concurrent.ThreadPoolExecutor$Worker.run(Unknown Source)
	at java.lang.Thread.run(Unknown Source)
... Removed 5 stack frames]]>
    </failure>
  </testcase> <!-- imageSubmissionPortal -->
  <testcase name="imageSubmissionPortal" time="0.34" classname="com.esri.test.auto.testcases.Sample1">
    <failure type="org.testng.internal.reflect.MethodMatcherException" message="
Data provider mismatch
Method: imageSubmissionPortal([Parameter{index=0, type=java.lang.String, declaredAnnotations=[]}, Parameter{index=1, type=java.lang.String, declaredAnnotations=[]}, Parameter{index=2, type=java.lang.String, declaredAnnotations=[]}, Parameter{index=3, type=java.lang.String, declaredAnnotations=[]}, Parameter{index=4, type=java.lang.String, declaredAnnotations=[]}, Parameter{index=5, type=java.lang.String, declaredAnnotations=[]}, Parameter{index=6, type=java.lang.String, declaredAnnotations=[]}, Parameter{index=7, type=java.lang.String, declaredAnnotations=[]}, Parameter{index=8, type=java.lang.String, declaredAnnotations=[]}])
Arguments: [(java.lang.String)CALL FOR IMAGES,(java.lang.String)Upload Your Images,(java.lang.String)For which conference are you submitting images?,(java.lang.String)Non-specific Events (Dec 31 2016),(java.lang.String)What type of files are you submitting?,(java.lang.String)Are you a Federal Government Employee?]">
      <![CDATA[org.testng.internal.reflect.MethodMatcherException: 
Data provider mismatch
Method: imageSubmissionPortal([Parameter{index=0, type=java.lang.String, declaredAnnotations=[]}, Parameter{index=1, type=java.lang.String, declaredAnnotations=[]}, Parameter{index=2, type=java.lang.String, declaredAnnotations=[]}, Parameter{index=3, type=java.lang.String, declaredAnnotations=[]}, Parameter{index=4, type=java.lang.String, declaredAnnotations=[]}, Parameter{index=5, type=java.lang.String, declaredAnnotations=[]}, Parameter{index=6, type=java.lang.String, declaredAnnotations=[]}, Parameter{index=7, type=java.lang.String, declaredAnnotations=[]}, Parameter{index=8, type=java.lang.String, declaredAnnotations=[]}])
Arguments: [(java.lang.String)CALL FOR IMAGES,(java.lang.String)Upload Your Images,(java.lang.String)For which conference are you submitting images?,(java.lang.String)Non-specific Events (Dec 31 2016),(java.lang.String)What type of files are you submitting?,(java.lang.String)Are you a Federal Government Employee?]
	at java.util.concurrent.ThreadPoolExecutor.runWorker(Unknown Source)
	at java.util.concurrent.ThreadPoolExecutor$Worker.run(Unknown Source)
	at java.lang.Thread.run(Unknown Source)
... Removed 5 stack frames]]>
    </failure>
  </testcase> <!-- imageSubmissionPortal -->
</testsuite> <!-- ImageSubmissionPortal_Firefox -->
